<?xml version="1.0" encoding="UTF-8"?>
<testng-results ignored="0" total="3" passed="3" failed="0" skipped="0">
  <reporter-output>
  </reporter-output>
  <suite started-at="2021-12-09T18:04:51 IST" name="Suite" finished-at="2021-12-09T18:05:43 IST" duration-ms="51866">
    <groups>
    </groups>
    <test started-at="2021-12-09T18:04:51 IST" name="Test" finished-at="2021-12-09T18:05:43 IST" duration-ms="51866">
      <class name="com.scuba.pageobjectmodel.PersonalDetails">
        <test-method signature="f()[pri:0, instance:com.scuba.pageobjectmodel.PersonalDetails@2aa6bbad]" started-at="2021-12-09T18:04:51 IST" name="f" finished-at="2021-12-09T18:05:43 IST" duration-ms="51809" status="PASS">
          <reporter-output>
          </reporter-output>
        </test-method> <!-- f -->
      </class> <!-- com.scuba.pageobjectmodel.PersonalDetails -->
    </test> <!-- Test -->
  </suite> <!-- Suite -->
  <suite started-at="2021-12-09T18:06:11 IST" name="Suite (1)" finished-at="2021-12-09T18:06:38 IST" duration-ms="26887">
    <groups>
    </groups>
    <test started-at="2021-12-09T18:06:11 IST" name="Test" finished-at="2021-12-09T18:06:38 IST" duration-ms="26887">
      <class name="com.scuba.pageobjectmodel.EmergencyDetails">
        <test-method signature="f()[pri:0, instance:com.scuba.pageobjectmodel.EmergencyDetails@456aa471]" started-at="2021-12-09T18:06:11 IST" name="f" finished-at="2021-12-09T18:06:38 IST" duration-ms="26886" status="PASS">
          <reporter-output>
          </reporter-output>
        </test-method> <!-- f -->
      </class> <!-- com.scuba.pageobjectmodel.EmergencyDetails -->
    </test> <!-- Test -->
  </suite> <!-- Suite (1) -->
  <suite started-at="2021-12-09T18:05:43 IST" name="Suite (0)" finished-at="2021-12-09T18:06:11 IST" duration-ms="27717">
    <groups>
    </groups>
    <test started-at="2021-12-09T18:05:43 IST" name="Test" finished-at="2021-12-09T18:06:11 IST" duration-ms="27717">
      <class name="com.scuba.pageobjectmodel.ContactDetails">
        <test-method signature="f()[pri:0, instance:com.scuba.pageobjectmodel.ContactDetails@39ace1a7]" started-at="2021-12-09T18:05:43 IST" name="f" finished-at="2021-12-09T18:06:11 IST" duration-ms="27716" status="PASS">
          <reporter-output>
          </reporter-output>
        </test-method> <!-- f -->
      </class> <!-- com.scuba.pageobjectmodel.ContactDetails -->
    </test> <!-- Test -->
  </suite> <!-- Suite (0) -->
</testng-results>
